<log date="2009/18/04" time="19:01:42" file="igmain.cc" line=220 level=8 tags="INDIEGRAM"/>

Building triplet structural alignments.
<log date="2009/18/04" time="19:01:42" file="igmain.cc" line=242 level=7 tags="INDIEGRAM"/>

Processing alignment 'Alignment1' (1 of 1): 30 columns
<log date="2009/18/04" time="19:01:42" file="irrev_diag_matrix_factory.cc" line=96 level=10 tags="ERROR_TAG"/>
Warning: zeroing rate eigenvalue with positive real component (was (3.48373e-17,0))
Warning: zeroing rate eigenvalue with positive real component (was (1.21967e-16,0))
Warning: zeroing rate eigenvalue with positive real component (was (4.68767e-16,0))
Warning: zeroing rate eigenvalue with positive real component (was (6.10661e-16,0))
Warning: zeroing rate eigenvalue with positive real component (was (8.52726e-16,0))
<log date="2009/18/04" time="19:01:42" file="tkfst.cc" line=458 level=7 tags="TKFST"/>
Initializing TKFST model.
<log date="2009/18/04" time="19:01:42" file="statesorter.cc" line=151 level=10 tags="ERROR_TAG"/>
Warning: found null cycle(s) during topological sort. Some parses may be missed!
<log date="2009/18/04" time="19:01:43" file="tripletscfgdp.cc" line=282 level=7 tags="ALLOC PREALLOC"/>
Allocating Triplet SCFG DP matrix: 64 * 68 * 68 cells by 229 states.
<log date="2009/18/04" time="19:01:43" file="tripletscfgdp.cc" line=203 level=7 tags="ALLOC"/>
Trying to allocate approx 229 * (64 * 68 * 68) cells * 4 bytes => 258 Mb.
<log date="2009/20/04" time="06:01:27" file="igmain.cc" line=220 level=8 tags="INDIEGRAM"/>

Building triplet structural alignments.
<log date="2009/20/04" time="06:01:27" file="igmain.cc" line=242 level=7 tags="INDIEGRAM"/>

Processing alignment 'Alignment1' (1 of 1): 30 columns
<log date="2009/20/04" time="06:01:27" file="irrev_diag_matrix_factory.cc" line=96 level=10 tags="ERROR_TAG"/>
Warning: zeroing rate eigenvalue with positive real component (was (3.48373e-17,0))
Warning: zeroing rate eigenvalue with positive real component (was (1.21967e-16,0))
Warning: zeroing rate eigenvalue with positive real component (was (4.68767e-16,0))
Warning: zeroing rate eigenvalue with positive real component (was (6.10661e-16,0))
Warning: zeroing rate eigenvalue with positive real component (was (8.52726e-16,0))
<log date="2009/20/04" time="06:01:27" file="tkfst.cc" line=458 level=7 tags="TKFST"/>
Initializing TKFST model.
<log date="2009/20/04" time="06:01:29" file="statesorter.cc" line=151 level=10 tags="ERROR_TAG"/>
Warning: found null cycle(s) during topological sort. Some parses may be missed!
<log date="2009/20/04" time="06:01:45" file="tripletscfgdp.cc" line=282 level=7 tags="ALLOC PREALLOC"/>
Allocating Triplet SCFG DP matrix: 64 * 68 * 68 cells by 229 states.
<log date="2009/20/04" time="06:01:45" file="tripletscfgdp.cc" line=203 level=7 tags="ALLOC"/>
Trying to allocate approx 229 * (64 * 68 * 68) cells * 4 bytes => 258 Mb.
<log date="2009/20/04" time="06:10:19" file="tripletscfgdp.cc" line=285 level=7 tags="ALLOC POSTALLOC"/>
Allocated Triplet SCFG DP matrix (approx 258 Mb).
<log date="2009/20/04" time="06:10:19" file="tripletscfgdp.cc" line=806 level=7 tags="INDIEGRAM_DP"/>
Starting CYK fill
<log date="2009/20/04" time="06:10:31" file="tripletscfgdp.cc" line=982 level=7 tags="INDIEGRAM_DP"/>
CYK: Finished 295936 subseqs (100%) and 2778624 bifurcations (100%)
<log date="2009/20/04" time="06:10:31" file="igmain.cc" line=376 level=8 tags="INDIEGRAM"/>
Completed triplet structural alignments.
