This is pdfeTeX, Version 3.141592-1.21a-2.2 (Web2C 7.5.4) (format=pdflatex 2009.2.11)  9 APR 2009 20:10
entering extended mode
**supplementary
(./supplementary.tex
LaTeX2e <2003/12/01>
Babel <v3.8d> and hyphenation patterns for american, french, german, ngerman, b
ahasa, basque, bulgarian, catalan, croatian, czech, danish, dutch, esperanto, e
stonian, finnish, greek, icelandic, irish, italian, latin, magyar, norsk, polis
h, portuges, romanian, russian, serbian, slovak, slovene, spanish, swedish, tur
kish, ukrainian, nohyphenation, loaded.
(/opt/local/share/texmf-dist/tex/latex/base/article.cls
Document Class: article 2004/02/16 v1.4f Standard LaTeX document class
(/opt/local/share/texmf-dist/tex/latex/base/size10.clo
File: size10.clo 2004/02/16 v1.4f Standard LaTeX file (size option)
)
\c@part=\count79
\c@section=\count80
\c@subsection=\count81
\c@subsubsection=\count82
\c@paragraph=\count83
\c@subparagraph=\count84
\c@figure=\count85
\c@table=\count86
\abovecaptionskip=\skip41
\belowcaptionskip=\skip42
\bibindent=\dimen102
)
(/opt/local/share/texmf-dist/tex/latex/amsmath/amsmath.sty
Package: amsmath 2000/07/18 v2.13 AMS math features
\@mathmargin=\skip43

For additional information on amsmath, use the `?' option.
(/opt/local/share/texmf-dist/tex/latex/amsmath/amstext.sty
Package: amstext 2000/06/29 v2.01

(/opt/local/share/texmf-dist/tex/latex/amsmath/amsgen.sty
File: amsgen.sty 1999/11/30 v2.0
\@emptytoks=\toks14
\ex@=\dimen103
))
(/opt/local/share/texmf-dist/tex/latex/amsmath/amsbsy.sty
Package: amsbsy 1999/11/29 v1.2d
\pmbraise@=\dimen104
)
(/opt/local/share/texmf-dist/tex/latex/amsmath/amsopn.sty
Package: amsopn 1999/12/14 v2.01 operator names
)
\inf@bad=\count87
LaTeX Info: Redefining \frac on input line 211.
\uproot@=\count88
\leftroot@=\count89
LaTeX Info: Redefining \overline on input line 307.
\classnum@=\count90
\DOTSCASE@=\count91
LaTeX Info: Redefining \ldots on input line 379.
LaTeX Info: Redefining \dots on input line 382.
LaTeX Info: Redefining \cdots on input line 467.
\Mathstrutbox@=\box26
\strutbox@=\box27
\big@size=\dimen105
LaTeX Font Info:    Redeclaring font encoding OML on input line 567.
LaTeX Font Info:    Redeclaring font encoding OMS on input line 568.
\macc@depth=\count92
\c@MaxMatrixCols=\count93
\dotsspace@=\muskip10
\c@parentequation=\count94
\dspbrk@lvl=\count95
\tag@help=\toks15
\row@=\count96
\column@=\count97
\maxfields@=\count98
\andhelp@=\toks16
\eqnshift@=\dimen106
\alignsep@=\dimen107
\tagshift@=\dimen108
\tagwidth@=\dimen109
\totwidth@=\dimen110
\lineht@=\dimen111
\@envbody=\toks17
\multlinegap=\skip44
\multlinetaggap=\skip45
\mathdisplay@stack=\toks18
LaTeX Info: Redefining \[ on input line 2666.
LaTeX Info: Redefining \] on input line 2667.
)
(/opt/local/share/texmf-dist/tex/latex/amsfonts/amssymb.sty
Package: amssymb 2002/01/22 v2.2d

(/opt/local/share/texmf-dist/tex/latex/amsfonts/amsfonts.sty
Package: amsfonts 2001/10/25 v2.2f
\symAMSa=\mathgroup4
\symAMSb=\mathgroup5
LaTeX Font Info:    Overwriting math alphabet `\mathfrak' in version `bold'
(Font)                  U/euf/m/n --> U/euf/b/n on input line 132.
)) (./graphicx.sty
Package: graphicx 1999/02/16 v1.0f Enhanced LaTeX Graphics (DPC,SPQR)

(/opt/local/share/texmf-dist/tex/latex/graphics/keyval.sty
Package: keyval 1999/03/16 v1.13 key=value parser (DPC)
\KV@toks@=\toks19
)
(/opt/local/share/texmf-dist/tex/latex/graphics/graphics.sty
Package: graphics 2001/07/07 v1.0n Standard LaTeX Graphics (DPC,SPQR)

(/opt/local/share/texmf-dist/tex/latex/graphics/trig.sty
Package: trig 1999/03/16 v1.09 sin cos tan (DPC)
)
(/opt/local/share/texmf-dist/tex/latex/graphics/graphics.cfg
File: graphics.cfg 2005/02/03 v1.3 graphics configuration of teTeX/TeXLive
)
Package graphics Info: Driver file: pdftex.def on input line 80.

(/opt/local/share/texmf-dist/tex/latex/graphics/pdftex.def
File: pdftex.def 2002/06/19 v0.03k graphics/color for pdftex
\Gread@gobject=\count99
))
\Gin@req@height=\dimen112
\Gin@req@width=\dimen113
)
(/opt/local/share/texmf-dist/tex/latex/cite/cite.sty
LaTeX Info: Redefining \cite on input line 149.
LaTeX Info: Redefining \nocite on input line 214.
Package: cite 2003/11/04  v 4.01
) (./color.sty
Package: color 1999/02/16 v1.0i Standard LaTeX Color (DPC)

(/opt/local/share/texmf-dist/tex/latex/graphics/color.cfg
File: color.cfg 2005/02/03 v1.3 color configuration of teTeX/TeXLive
)
Package color Info: Driver file: pdftex.def on input line 125.
)
(/opt/local/share/texmf-dist/tex/latex/caption/caption.sty
Package: caption 2004/07/16 v3.0c Customising captions (AS)
\captionmargin=\dimen114
\captionwidth=\dimen115
\captionindent=\dimen116
\captionparindent=\dimen117
\captionhangindent=\dimen118
) (./defs.tex
(/opt/local/share/texmf-dist/tex/latex/setspace/setspace.sty
Package: setspace 2000/12/01 6.7 Contributed and Supported LaTeX2e package

Package: `setspace' 6.7 <2000/12/01>
) (./parsetree.sty
Including style file `parsetree.sty'.
\pthgap=\dimen119
\ptvgap=\dimen120
\ptnodestrutbox=\box28
\ptleafstrutbox=\box29
\ptdepth=\count100
\ptn=\count101
\ptm=\box30
\ptmx=\dimen121
\pta=\box31
\ptax=\dimen122
\ptb=\box32
\ptbx=\dimen123
\ptc=\box33
\ptcx=\dimen124
\ptx=\box34
\ptxx=\dimen125
\pted=\count102
\ptedm=\count103
\pteda=\count104
\ptedb=\count105
\ptedc=\count106
\ptedl=\count107
\ptedh=\count108
\ptedhs=\count109
\ptedvs=\count110
\ptedtemp=\count111
) (./array.sty
Package: array 1998/05/13 v2.3m Tabular extension package (FMi)
\col@sep=\dimen126
\extrarowheight=\dimen127
\NC@list=\toks20
\extratabsurround=\skip46
\backup@length=\skip47
) (./algorithm2e.sty
Package: algorithm2e 2005/10/04 v3.9 algorithms environments
\c@AlgoLine=\count112

(/opt/local/share/texmf-dist/tex/latex/base/ifthen.sty
Package: ifthen 2001/05/26 v1.1c Standard LaTeX ifthen package (DPC)
)
(/opt/local/share/texmf-dist/tex/latex/tools/xspace.sty
Package: xspace 1997/10/13 v1.06 Space after command names (DPC)
)
********************************************************
Package `algorithm2e' Release 3.9 -- october 04 2005 --
- algorithm2e-announce@lirmm.fr mailing list for announcement about releases
- algorithm2e-discussion@lirmm.fr mailing list for discussion about package
subscribe by emailing sympa@lirmm.fr with 'subscribe <list> <firstname name>'
- Author: Christophe Fiorio (fiorio@lirmm.fr)
********************************************************
\skiptotal=\skip48
\skiprule=\skip49
\skiphlne=\skip50
\skiptext=\skip51
\skiplength=\skip52
\algomargin=\skip53
\skipalgocfslide=\skip54
\algowidth=\dimen128
\inoutsize=\dimen129
\inoutline=\dimen130
\algocf@inoutbox=\box35
\algocf@inputbox=\box36
\AlCapSkip=\skip55
\AlCapHSkip=\skip56
\algocf@capbox=\box37
\c@algocfline=\count113
\c@algocf=\count114
\algocf@algoframe=\box38
\algocf@algobox=\box39
) (/opt/local/share/texmf-dist/tex/latex/jknappen/mathrsfs.sty
Package: mathrsfs 1996/01/01 Math RSFS package v1.0 (jk)
\symrsfs=\mathgroup6
))
(./supplementary.aux)
\openout1 = `supplementary.aux'.

LaTeX Font Info:    Checking defaults for OML/cmm/m/it on input line 56.
LaTeX Font Info:    ... okay on input line 56.
LaTeX Font Info:    Checking defaults for T1/cmr/m/n on input line 56.
LaTeX Font Info:    ... okay on input line 56.
LaTeX Font Info:    Checking defaults for OT1/cmr/m/n on input line 56.
LaTeX Font Info:    ... okay on input line 56.
LaTeX Font Info:    Checking defaults for OMS/cmsy/m/n on input line 56.
LaTeX Font Info:    ... okay on input line 56.
LaTeX Font Info:    Checking defaults for OMX/cmex/m/n on input line 56.
LaTeX Font Info:    ... okay on input line 56.
LaTeX Font Info:    Checking defaults for U/cmr/m/n on input line 56.
LaTeX Font Info:    ... okay on input line 56.

(/opt/local/share/texmf-dist/tex/context/base/supp-pdf.tex
(/opt/local/share/texmf-dist/tex/context/base/supp-mis.tex
loading : Context Support Macros / Miscellaneous (2004.10.26)
\protectiondepth=\count115
\scratchcounter=\count116
\scratchtoks=\toks21
\scratchdimen=\dimen131
\scratchskip=\skip57
\scratchmuskip=\muskip11
\scratchbox=\box40
\scratchread=\read1
\scratchwrite=\write3
\zeropoint=\dimen132
\onepoint=\dimen133
\onebasepoint=\dimen134
\minusone=\count117
\thousandpoint=\dimen135
\onerealpoint=\dimen136
\emptytoks=\toks22
\nextbox=\box41
\nextdepth=\dimen137
\everyline=\toks23
\!!counta=\count118
\!!countb=\count119
\recursecounter=\count120
)
loading : Context Support Macros / PDF (2004.03.26)
\nofMPsegments=\count121
\nofMParguments=\count122
\MPscratchCnt=\count123
\MPscratchDim=\dimen138
\MPnumerator=\count124
\everyMPtoPDFconversion=\toks24
) (/opt/local/share/texmf-dist/tex/latex/ms/ragged2e.sty
Package: ragged2e 2003/03/25 v2.04 ragged2e Package (MS)

(/opt/local/share/texmf-dist/tex/latex/ms/everysel.sty
Package: everysel 1999/06/08 v1.03 EverySelectfont Package (MS)
LaTeX Info: Redefining \selectfont on input line 125.
)
\CenteringLeftskip=\skip58
\RaggedLeftLeftskip=\skip59
\RaggedRightLeftskip=\skip60
\CenteringRightskip=\skip61
\RaggedLeftRightskip=\skip62
\RaggedRightRightskip=\skip63
\CenteringParfillskip=\skip64
\RaggedLeftParfillskip=\skip65
\RaggedRightParfillskip=\skip66
\JustifyingParfillskip=\skip67
\CenteringParindent=\skip68
\RaggedLeftParindent=\skip69
\RaggedRightParindent=\skip70
\JustifyingParindent=\skip71
)
LaTeX Font Info:    Try loading font information for U+msa on input line 64.

(/opt/local/share/texmf-dist/tex/latex/amsfonts/umsa.fd
File: umsa.fd 2002/01/19 v2.2g AMS font definitions
)
LaTeX Font Info:    Try loading font information for U+msb on input line 64.

(/opt/local/share/texmf-dist/tex/latex/amsfonts/umsb.fd
File: umsb.fd 2002/01/19 v2.2g AMS font definitions
)
LaTeX Font Info:    Try loading font information for U+rsfs on input line 64.

(/opt/local/share/texmf-dist/tex/latex/jknappen/ursfs.fd
File: ursfs.fd 1998/03/24 rsfs font definition file (jk)
) [1{/opt/local/share/texmf-var/fonts/map/pdftex/updmap/pdftex.map}

] (./supplementary.toc [2])
\tf@toc=\write4
\openout4 = `supplementary.toc'.


[3]
LaTeX Font Info:    Try loading font information for OMS+cmr on input line 111.

 (/opt/local/share/texmf-dist/tex/latex/base/omscmr.fd
File: omscmr.fd 1999/05/25 v2.5h Standard LaTeX font definitions
)
LaTeX Font Info:    Font shape `OMS/cmr/m/n' in size <10> not available
(Font)              Font shape `OMS/cmsy/m/n' tried instead on input line 111.
 [4] [5] [6] [7]
Missing character: There is no e in font msbm10!

Overfull \hbox (52.55333pt too wide) in paragraph at lines 215--218
\OT1/cmr/m/n/10 We fre-quently will not ex-plic-itly write out the con-di-tiona
l de-pen-dence on the ab-sorbed ter-mi-nals $(\OML/cmm/m/it/10 x[] y[]\OT1/cmr/
m/n/10 )$,
 []

[8] [9] [10]
Missing character: There is no e in font msbm10!
Missing character: There is no e in font msbm10!
 [11]
Missing character: There is no e in font msbm10!
Missing character: There is no e in font msbm10!
 [12] [13] [14] [15]
<figs/threeway.pdf, id=118, 310.15875pt x 438.63875pt>
File: figs/threeway.pdf Graphic file (type pdf)
 <use figs/threeway.pdf>
[16 <./figs/threeway.pdf>] [17]
Underfull \hbox (badness 10000) detected at line 588
[][]
 []


Underfull \hbox (badness 10000) detected at line 619
[][]
 []

[18] [19]
! Missing delimiter (. inserted).
<to be read again> 
                   ,
l.649 ...e{\bvec{b}}{i_1}{j_1}{i_2}{j_2}{i_3}{j_3}
                                                  $ is the summed probabilit...

? q
OK, entering \batchmode...
! Extra \right.
\outside ...ta _{#1}\left (#2,#3\right ,#4\right )
                                                  
l.649 ...e{\bvec{b}}{i_1}{j_1}{i_2}{j_2}{i_3}{j_3}
                                                  $ is the summed probabilit...
I'm ignoring a \right that had no matching \left.


Underfull \hbox (badness 10000) detected at line 702
[][]
 []

 [20]
! Missing delimiter (. inserted).
<to be read again> 
                   ,
l.708 \end{align}
                 
I was expecting to see something like `(' or `\{' or
`\}' here. If you typed, e.g., `{' instead of `\{', you
should probably delete the `{' by typing `1' now, so that
braces don't get unbalanced. Otherwise just proceed.
Acceptable delimiters are characters whose \delcode is
nonnegative, or you can use `\delimiter <delimiter code>'.

! Missing } inserted.
<inserted text> 
                }
l.708 \end{align}
                 
I've inserted something that you may have forgotten.
(See the <inserted text> above.)
With luck, this will get me unwedged. But if you
really didn't forget anything, try typing `2' now; then
my insertion and my current dilemma will both disappear.

! Extra \right.
<argument> ...z_2|}{i_3-|y_3|}{j_3+|z_3|} \right ]
                                                   . \nonumber 
l.708 \end{align}
                 
I'm ignoring a \right that had no matching \left.

! Missing { inserted.
<inserted text> 
                {
l.708 \end{align}
                 
I've put in what seems to be necessary to fix
the current column of the current alignment.
Try to go on, since this might almost work.

! Missing delimiter (. inserted).
<to be read again> 
                   ,
l.708 \end{align}
                 
I was expecting to see something like `(' or `\{' or
`\}' here. If you typed, e.g., `{' instead of `\{', you
should probably delete the `{' by typing `1' now, so that
braces don't get unbalanced. Otherwise just proceed.
Acceptable delimiters are characters whose \delcode is
nonnegative, or you can use `\delimiter <delimiter code>'.

! Missing } inserted.
<inserted text> 
                }
l.708 \end{align}
                 
I've inserted something that you may have forgotten.
(See the <inserted text> above.)
With luck, this will get me unwedged. But if you
really didn't forget anything, try typing `2' now; then
my insertion and my current dilemma will both disappear.

! Extra \right.
<argument> ...z_2|}{i_3-|y_3|}{j_3+|z_3|} \right ]
                                                   . \nonumber 
l.708 \end{align}
                 
I'm ignoring a \right that had no matching \left.

! Missing \endgroup inserted.
<inserted text> 
                \endgroup 
l.708 \end{align}
                 
I've inserted something that you may have forgotten.
(See the <inserted text> above.)
With luck, this will get me unwedged. But if you
really didn't forget anything, try typing `2' now; then
my insertion and my current dilemma will both disappear.

! Misplaced \omit.
<recently read> \omit 
                      
l.708 \end{align}
                 
I expect to see \omit only after tab marks or the \cr of
an alignment. Proceed, and I'll ignore this case.

! Missing { inserted.
<inserted text> 
                {
l.708 \end{align}
                 
I've put in what seems to be necessary to fix
the current column of the current alignment.
Try to go on, since this might almost work.

 [21]
Underfull \hbox (badness 10000) detected at line 735
[][]
 []

! Missing delimiter (. inserted).
<to be read again> 
                   ,
l.739 ...e{\mathrm{Start}}{0}{L_1}{0}{L_2}{0}{L_3}
                                                   = 1 \, .
I was expecting to see something like `(' or `\{' or
`\}' here. If you typed, e.g., `{' instead of `\{', you
should probably delete the `{' by typing `1' now, so that
braces don't get unbalanced. Otherwise just proceed.
Acceptable delimiters are characters whose \delcode is
nonnegative, or you can use `\delimiter <delimiter code>'.

! Extra \right.
\outside ...ta _{#1}\left (#2,#3\right ,#4\right )
                                                  
l.739 ...e{\mathrm{Start}}{0}{L_1}{0}{L_2}{0}{L_3}
                                                   = 1 \, .
I'm ignoring a \right that had no matching \left.

 [22] [23] <figs/parent.pdf, id=190, 310.15875pt x 276.03125pt>
File: figs/parent.pdf Graphic file (type pdf)
 <use figs/parent.pdf> [24] [25 <./figs/parent.pdf>] [26] (./tkfst.tex [27]) [2
8] [29] [30] [31] [32] [33] [34] [35] <figs/hammer_paired.pdf, id=262, 794.97pt
 x 614.295pt>
File: figs/hammer_paired.pdf Graphic file (type pdf)
 <use figs/hammer_paired.pdf> <figs/xval_paired.pdf, id=263, 794.97pt x 614.295
pt>
File: figs/xval_paired.pdf Graphic file (type pdf)
 <use figs/xval_paired.pdf> [36] <figs/hammer_hist.pdf, id=267, 794.97pt x 614.
295pt>
File: figs/hammer_hist.pdf Graphic file (type pdf)
 <use figs/hammer_hist.pdf> <figs/xval_hist.pdf, id=268, 794.97pt x 614.295pt>
File: figs/xval_hist.pdf Graphic file (type pdf)
 <use figs/xval_hist.pdf>

LaTeX Warning: Citation `WilliamsEtAl2006' on page 37 undefined on input line 1
110.


LaTeX Warning: Citation `PollockChang2007' on page 37 undefined on input line 1
110.


LaTeX Warning: Citation `ChangEtAl2007' on page 37 undefined on input line 1110
.


LaTeX Warning: Citation `Gaucher2007' on page 37 undefined on input line 1112.

 [37] [38] [39] (./supplementary.bbl [40]
Missing character: There is no è in font cmr10!
 [41] [42]
Underfull \hbox (badness 10000) in paragraph at lines 180--184
[]\OT1/cmr/m/n/10 Joshi A, Sch-abes Y (1997).  Tree-adjoining gram-mars.  URL
 []

 [43]) [44] [45 <./figs/hammer_paired.pdf, page is rotated 90 degrees> <./figs/
xval_paired.pdf, page is rotated 90 degrees>] [46 <./figs/hammer_hist.pdf, page
 is rotated 90 degrees> <./figs/xval_hist.pdf, page is rotated 90 degrees>] (./
supplementary.aux)

LaTeX Warning: There were undefined references.

 ) 
Here is how much of TeX's memory you used:
 3799 strings out of 94500
 48133 string characters out of 1174973
 194400 words of memory out of 1000000
 6848 multiletter control sequences out of 10000+50000
 15083 words of font info for 60 fonts, out of 500000 for 2000
 580 hyphenation exceptions out of 1000
 36i,33n,32p,2325b,539s stack positions out of 1500i,500n,5000p,200000b,5000s
PDF statistics:
 316 PDF objects out of 300000
 0 named destinations out of 131072
 31 words of extra memory for PDF output out of 65536
</opt/local/share/texmf-dist/fonts/type1/bluesky/cm/cmsy5.pfb></opt/local/sha
re/texmf-dist/fonts/type1/bluesky/cm/cmss10.pfb></opt/local/share/texmf-dist/fo
nts/type1/bluesky/cm/cmti10.pfb></opt/local/share/texmf-dist/fonts/type1/bluesk
y/cm/cmr5.pfb></opt/local/share/texmf-dist/fonts/type1/hoekwater/rsfs/rsfs10.pf
b></opt/local/share/texmf-dist/fonts/type1/bluesky/symbols/msbm7.pfb></opt/loca
l/share/texmf-dist/fonts/type1/bluesky/cm/cmsy8.pfb></opt/local/share/texmf-dis
t/fonts/type1/bluesky/cm/cmmi6.pfb></opt/local/share/texmf-dist/fonts/type1/blu
esky/cm/cmmi8.pfb></opt/local/share/texmf-dist/fonts/type1/bluesky/cm/cmtt8.pfb
></opt/local/share/texmf-dist/fonts/type1/bluesky/cmextra/cmmib7.pfb></opt/loca
l/share/texmf-dist/fonts/type1/bluesky/cm/cmmi5.pfb></opt/local/share/texmf-dis
t/fonts/type1/bluesky/cm/cmmib10.pfb></opt/local/share/texmf-dist/fonts/type1/b
luesky/symbols/msbm10.pfb></opt/local/share/texmf-dist/fonts/type1/bluesky/symb
ols/msam10.pfb></opt/local/share/texmf-dist/fonts/type1/bluesky/cm/cmex10.pfb><
/opt/local/share/texmf-dist/fonts/type1/bluesky/cm/cmr8.pfb></opt/local/share/t
exmf-dist/fonts/type1/bluesky/cm/cmr6.pfb></opt/local/share/texmf-dist/fonts/ty
pe1/bluesky/cm/cmtt10.pfb></opt/local/share/texmf-dist/fonts/type1/bluesky/cm/c
mmi10.pfb></opt/local/share/texmf-dist/fonts/type1/bluesky/cm/cmsy10.pfb></opt/
local/share/texmf-dist/fonts/type1/bluesky/cm/cmbx10.pfb></opt/local/share/texm
f-dist/fonts/type1/bluesky/cm/cmsy7.pfb></opt/local/share/texmf-dist/fonts/type
1/bluesky/cm/cmmi7.pfb></opt/local/share/texmf-dist/fonts/type1/bluesky/cm/cmr7
.pfb></opt/local/share/texmf-dist/fonts/type1/bluesky/cm/cmbx12.pfb></opt/local
/share/texmf-dist/fonts/type1/bluesky/cm/cmr10.pfb></opt/local/share/texmf-dist
/fonts/type1/bluesky/cm/cmsl10.pfb>
Output written on supplementary.pdf (46 pages, 351812 bytes).
