<log date="2009/09/06" time="08:55:52" file="igmain.cc" line=222 level=8 tags="INDIEGRAM"/>

Building triplet structural alignments.
<log date="2009/09/06" time="08:55:52" file="igmain.cc" line=244 level=7 tags="INDIEGRAM"/>

Processing alignment 'Alignment1' (1 of 1): 35 columns
<log date="2009/09/06" time="08:55:52" file="irrev_diag_matrix_factory.cc" line=96 level=10 tags="ERROR_TAG"/>
Warning: zeroing rate eigenvalue with positive real component (was (5.53551e-17,0))
<log date="2009/09/06" time="08:55:52" file="tkfst.cc" line=459 level=7 tags="TKFST"/>
Initializing TKFST model.
<log date="2009/09/06" time="08:55:52" file="statesorter.cc" line=151 level=10 tags="ERROR_TAG"/>
Warning: found null cycle(s) during topological sort. Some parses may be missed!
<log date="2009/09/06" time="08:55:53" file="tripletscfgdp.cc" line=295 level=7 tags="ALLOC PREALLOC"/>
Allocating Triplet SCFG DP matrix: 109 * 123 * 102 cells by 229 states.
<log date="2009/09/06" time="08:55:53" file="tripletscfgdp.cc" line=216 level=7 tags="ALLOC"/>
Trying to allocate approx 229 * (109 * 123 * 102) cells * 4 bytes => 1194 Mb.
<log date="2009/09/06" time="08:55:57" file="tripletscfgdp.cc" line=298 level=7 tags="ALLOC POSTALLOC"/>
Allocated Triplet SCFG DP matrix (approx 1194 Mb).
<log date="2009/09/06" time="08:55:57" file="tripletscfgdp.cc" line=820 level=7 tags="INDIEGRAM_DP"/>
Starting CYK fill
<log date="2009/09/06" time="08:56:05" file="tripletscfgdp.cc" line=996 level=7 tags="INDIEGRAM_DP"/>
CYK: Finished 149022 subseqs (10.8%) and 3009078 bifurcations (6.3%)
<log time="08:56:13"/>
CYK: Finished 249798 subseqs (18.2%) and 6012921 bifurcations (12.6%)
<log time="08:56:20"/>
CYK: Finished 325584 subseqs (23.8%) and 9017811 bifurcations (19%)
<log time="08:56:28"/>
CYK: Finished 375462 subseqs (27.4%) and 12031077 bifurcations (25.4%)
<log time="08:56:36"/>
CYK: Finished 450840 subseqs (32.9%) and 15031779 bifurcations (31.7%)
<log time="08:56:45"/>
CYK: Finished 547638 subseqs (40%) and 18032132 bifurcations (38%)
<log time="08:56:53"/>
CYK: Finished 682278 subseqs (49.8%) and 21035626 bifurcations (44.4%)
<log time="08:57:01"/>
CYK: Finished 787848 subseqs (57.6%) and 24037026 bifurcations (50.7%)
<log time="08:57:08"/>
CYK: Finished 892092 subseqs (65.2%) and 27037030 bifurcations (57%)
<log time="08:57:16"/>
CYK: Finished 969714 subseqs (70.9%) and 30047853 bifurcations (63.4%)
<log time="08:57:24"/>
CYK: Finished 1112616 subseqs (81.3%) and 33048555 bifurcations (69.7%)
<log time="08:57:32"/>
CYK: Finished 1164738 subseqs (85.1%) and 36052049 bifurcations (76.1%)
<log time="08:57:40"/>
CYK: Finished 1213392 subseqs (88.7%) and 39053449 bifurcations (82.4%)
<log time="08:57:48"/>
CYK: Finished 1271736 subseqs (92.9%) and 42063225 bifurcations (88.8%)
<log time="08:57:56"/>
CYK: Finished 1304376 subseqs (95.3%) and 45070209 bifurcations (95.1%)
<log time="08:58:03"/>
CYK: Finished 1367514 subseqs (100%) and 47350575 bifurcations (100%)
<log date="2009/09/06" time="08:58:04" file="igmain.cc" line=372 level=8 tags="INDIEGRAM"/>
Completed triplet structural alignments.
